<?xml version="1.0" encoding="UTF-8"?>
<!-- Generated by org.testng.reporters.JUnitReportReporter -->
<testsuite hostname="DESKTOP-JPNV91V" failures="0" tests="1" name="mavensel.Demoprgm1" time="4.885" errors="0" timestamp="2024-02-26T12:26:10 IST" skipped="0">
  <testcase classname="mavensel.Demoprgm1" name="test" time="4.885"/>
  <system-out/>
</testsuite> <!-- mavensel.Demoprgm1 -->
